Starting Dynare (version 6.1).
Calling Dynare with arguments: none
Starting preprocessing of the model file ...
Substitution of exo leads: added 1 auxiliary variables and equations.
Found 12 equation(s).
Evaluating expressions...
Computing static model derivatives (order 1).
Normalizing the static model...
Finding the optimal block decomposition of the static model...
3 block(s) found:
  2 recursive block(s) and 1 simultaneous block(s).
  the largest simultaneous block has 10 equation(s)
                                 and 10 feedback variable(s).
Computing dynamic model derivatives (order 1).
Normalizing the dynamic model...
Normalization failed with cutoff, trying symbolic normalization...
Finding the optimal block decomposition of the dynamic model...
3 block(s) found:
  2 recursive block(s) and 1 simultaneous block(s).
  the largest simultaneous block has 10 equation(s)
                                 and 9 feedback variable(s).
Preprocessing completed.
Preprocessing time: 0h00m00s.

STEADY-STATE RESULTS:

y               		 0.993534
d               		 0.397414
c               		 0.627556
r               		 0.07
ig              		 0.196107
s               		 2.53919
k               		 0.980535
v               		 0.0474614
dgap            		 0
z               		 0.02
dl              		 0.397414

EIGENVALUES:
         Modulus             Real        Imaginary
          0.1081           0.1081                0
          0.8346           0.8346                0
           1.358            1.358                0
           9.371            9.371                0
             Inf              Inf                0
             Inf              Inf                0
             Inf             -Inf                0

There are 5 eigenvalue(s) larger than 1 in modulus for 5 forward-looking variable(s)
The rank condition is verified.


STEADY-STATE RESULTS:

y               		 0.993534
d               		 0.397414
c               		 0.627556
r               		 0.07
ig              		 0.196107
s               		 2.53919
k               		 0.980535
v               		 0.0474614
dgap            		 0
z               		 0.02
dl              		 0.397414

--------------------------------------------------------
MODEL SIMULATION:

Iter: 1,	 err. = 0.25,	 time = 0.074015
Iter: 2,	 err. = 0.261119,	 time = 0.015245
Iter: 3,	 err. = 0.0143297,	 time = 0.02014
Iter: 4,	 err. = 0.000224326,	 time = 0.022131
Iter: 5,	 err. = 2.87495e-08,	 time = 0.022728

Total time of simulation: 0.175662.
--------------------------------------------------------


Perfect foresight solution found.

Total computing time : 0h00m01s
